--- Copying files at Wed May  9 09:58:00 UTC 2018
INSTALLED init.groovy.d/tcp-slave-agent-port.groovy
INSTALLED empty
INSTALLED plugins/blueocean-github-pipeline.jpi : 1.5.0
INSTALLED plugins/dependency-check-jenkins-plugin.jpi : 3.1.2.1
INSTALLED plugins/blueocean-autofavorite.jpi : 1.2.2
INSTALLED plugins/ws-cleanup.jpi : 0.34
INSTALLED plugins/ansicolor.jpi : 0.5.2
INSTALLED plugins/pam-auth.jpi : 1.3
INSTALLED plugins/blueocean-git-pipeline.jpi : 1.5.0
INSTALLED plugins/docker-plugin.jpi : 1.1.4
INSTALLED plugins/sse-gateway.jpi : 1.15
INSTALLED plugins/docker-slaves.jpi : 1.0.7
INSTALLED plugins/git-server.jpi : 1.7
INSTALLED plugins/docker-build-step.jpi : 2.0
INSTALLED plugins/jobConfigHistory.jpi : 2.18
INSTALLED plugins/workflow-cps.jpi : 2.53
INSTALLED plugins/docker-build-publish.jpi : 1.3.2
INSTALLED plugins/repository-connector.jpi : 1.2.3
INSTALLED plugins/blueocean-web.jpi : 1.5.0
INSTALLED plugins/bitbucket.jpi : 1.1.8
INSTALLED plugins/phing.jpi : 0.13.3
INSTALLED plugins/pipeline-model-declarative-agent.jpi : 1.1.1
INSTALLED plugins/performance.jpi : 3.8
INSTALLED plugins/pipeline-graph-analysis.jpi : 1.6
INSTALLED plugins/jackson2-api.jpi : 2.8.11.1
INSTALLED plugins/cloudbees-folder.jpi : 6.4
INSTALLED plugins/docker-commons.jpi : 1.11
INSTALLED plugins/email-ext.jpi : 2.62
INSTALLED plugins/tasks.jpi : 4.52
INSTALLED plugins/php.jpi : 1.0
INSTALLED plugins/cloverphp.jpi : 0.5
INSTALLED plugins/timestamper.jpi : 1.8.10
INSTALLED plugins/nexus-artifact-uploader.jpi : 2.10
INSTALLED plugins/mock-slave.jpi : 1.12
INSTALLED plugins/blueocean.jpi : 1.5.0
INSTALLED plugins/gradle.jpi : 1.28
INSTALLED plugins/script-security.jpi : 1.44
INSTALLED plugins/git.jpi : 3.8.0
INSTALLED plugins/external-monitor-job.jpi : 1.7
INSTALLED plugins/ssh-slaves.jpi : 1.26
INSTALLED plugins/gogs-webhook.jpi : 1.0.14
INSTALLED plugins/rebuild.jpi : 1.28
INSTALLED plugins/ansible.jpi : 1.0
INSTALLED plugins/docker-workflow.jpi : 1.15.1
INSTALLED plugins/variant.jpi : 1.1
INSTALLED plugins/plot.jpi : 2.0.4
INSTALLED plugins/handlebars.jpi : 1.1.1
INSTALLED plugins/github-branch-source.jpi : 2.3.4
INSTALLED plugins/subversion.jpi : 2.10.5
INSTALLED plugins/javadoc.jpi : 1.4
INSTALLED plugins/dockerhub-notification.jpi : 2.2.1
INSTALLED plugins/workflow-scm-step.jpi : 2.6
INSTALLED plugins/junit.jpi : 1.24
INSTALLED plugins/pipeline-input-step.jpi : 2.8
INSTALLED plugins/gitbucket.jpi : 0.8
INSTALLED plugins/workflow-durable-task-step.jpi : 2.19
INSTALLED plugins/dry.jpi : 2.50
INSTALLED plugins/matrix-auth.jpi : 2.2
INSTALLED plugins/docker-java-api.jpi : 3.0.14
INSTALLED plugins/git-client.jpi : 2.7.1
INSTALLED plugins/pipeline-stage-tags-metadata.jpi : 1.2.9
INSTALLED plugins/workflow-job.jpi : 2.21
INSTALLED plugins/authentication-tokens.jpi : 1.3
INSTALLED plugins/xunit.jpi : 1.104
INSTALLED plugins/github-organization-folder.jpi : 1.6
INSTALLED plugins/github.jpi : 1.29.0
INSTALLED plugins/plain-credentials.jpi : 1.4
INSTALLED plugins/jdepend.jpi : 1.3.0
INSTALLED plugins/pipeline-model-api.jpi : 1.2.9
INSTALLED plugins/pipeline-build-step.jpi : 2.7
INSTALLED plugins/durable-task.jpi : 1.22
INSTALLED plugins/blueocean-pipeline-editor.jpi : 1.5.0
INSTALLED plugins/xvfb.jpi : 1.1.3
INSTALLED plugins/credentials-binding.jpi : 1.16
INSTALLED plugins/blueocean-rest.jpi : 1.5.0
INSTALLED plugins/config-file-provider.jpi : 2.18
INSTALLED plugins/blueocean-pipeline-scm-api.jpi : 1.5.0
INSTALLED plugins/chucknorris.jpi : 1.1
INSTALLED plugins/blueocean-config.jpi : 1.5.0
INSTALLED plugins/build-monitor-plugin.jpi : 1.12+build.201708172343
INSTALLED plugins/jquery.jpi : 1.12.4-0
INSTALLED plugins/groovy.jpi : 2.0
INSTALLED plugins/pipeline-github-lib.jpi : 1.0
INSTALLED plugins/unleash.jpi : 2.3.0
INSTALLED plugins/findbugs.jpi : 4.72
INSTALLED plugins/pipeline-stage-view.jpi : 2.10
INSTALLED plugins/blueocean-commons.jpi : 1.5.0
INSTALLED plugins/scm-api.jpi : 2.2.7
INSTALLED plugins/pipeline-stage-step.jpi : 2.3
INSTALLED plugins/workflow-api.jpi : 2.27
INSTALLED plugins/analysis-collector.jpi : 1.52
INSTALLED plugins/matrix-project.jpi : 1.13
INSTALLED plugins/dashboard-view.jpi : 2.9.11
INSTALLED plugins/momentjs.jpi : 1.1.1
INSTALLED plugins/blueocean-pipeline-api-impl.jpi : 1.5.0
INSTALLED plugins/windows-slaves.jpi : 1.3.1
INSTALLED plugins/jsch.jpi : 0.1.54.2
INSTALLED plugins/pipeline-rest-api.jpi : 2.10
INSTALLED plugins/parameterized-trigger.jpi : 2.35.2
INSTALLED plugins/pipeline-maven.jpi : 3.5.5
INSTALLED plugins/warnings.jpi : 4.66
INSTALLED plugins/build-timeout.jpi : 1.19
INSTALLED plugins/htmlpublisher.jpi : 1.16
INSTALLED plugins/mercurial.jpi : 2.3
INSTALLED plugins/workflow-aggregator.jpi : 2.5
INSTALLED plugins/blueocean-personalization.jpi : 1.5.0
INSTALLED plugins/job-dsl.jpi : 1.69
INSTALLED plugins/workflow-step-api.jpi : 2.14
INSTALLED plugins/jenkins-design-language.jpi : 1.5.0
INSTALLED plugins/gitlab-merge-request-jenkins.jpi : 2.0.0
INSTALLED plugins/blueocean-display-url.jpi : 2.2.0
INSTALLED plugins/github-api.jpi : 1.90
INSTALLED plugins/blueocean-jwt.jpi : 1.5.0
INSTALLED plugins/pipeline-githubnotify-step.jpi : 1.0.4
INSTALLED plugins/favorite.jpi : 2.3.1
INSTALLED plugins/icon-shim.jpi : 2.0.3
INSTALLED plugins/blueocean-jira.jpi : 1.5.0
INSTALLED plugins/workflow-support.jpi : 2.18
INSTALLED plugins/resource-disposer.jpi : 0.8
INSTALLED plugins/checkstyle.jpi : 3.50
INSTALLED plugins/analysis-core.jpi : 1.95
INSTALLED plugins/ant.jpi : 1.8
INSTALLED plugins/github-oauth.jpi : 0.29
INSTALLED plugins/handy-uri-templates-2-api.jpi : 2.1.6-1.0
INSTALLED plugins/ssh-credentials.jpi : 1.13
INSTALLED plugins/workflow-basic-steps.jpi : 2.7
INSTALLED plugins/jira.jpi : 2.5.2
INSTALLED plugins/junit-attachments.jpi : 1.5
INSTALLED plugins/pmd.jpi : 3.50
INSTALLED plugins/pipeline-model-definition.jpi : 1.2.9
INSTALLED plugins/ldap.jpi : 1.20
INSTALLED plugins/m2release.jpi : 0.14.0
INSTALLED plugins/workflow-multibranch.jpi : 2.18
INSTALLED plugins/blueocean-bitbucket-pipeline.jpi : 1.5.0
INSTALLED plugins/build-pipeline-plugin.jpi : 1.5.8
INSTALLED plugins/blueocean-dashboard.jpi : 1.5.0
INSTALLED plugins/gitlab-plugin.jpi : 1.5.5
INSTALLED plugins/async-http-client.jpi : 1.9.40.0
INSTALLED plugins/bouncycastle-api.jpi : 2.16.2
INSTALLED plugins/workflow-cps-global-lib.jpi : 2.9
INSTALLED plugins/antisamy-markup-formatter.jpi : 1.5
INSTALLED plugins/blueocean-events.jpi : 1.5.0
INSTALLED plugins/cloudbees-bitbucket-branch-source.jpi : 2.2.11
INSTALLED plugins/mapdb-api.jpi : 1.0.9.0
INSTALLED plugins/token-macro.jpi : 2.5
INSTALLED plugins/ghprb.jpi : 1.40.0
INSTALLED plugins/jquery-detached.jpi : 1.2.1
INSTALLED plugins/mailer.jpi : 1.21
INSTALLED plugins/branch-api.jpi : 2.0.20
INSTALLED plugins/pipeline-milestone-step.jpi : 1.3.1
INSTALLED plugins/display-url-api.jpi : 2.2.0
INSTALLED plugins/violations.jpi : 0.7.11
INSTALLED plugins/pipeline-model-extensions.jpi : 1.2.9
INSTALLED plugins/conditional-buildstep.jpi : 1.3.6
INSTALLED plugins/pubsub-light.jpi : 1.12
INSTALLED plugins/blueocean-core-js.jpi : 1.5.0
INSTALLED plugins/structs.jpi : 1.14
INSTALLED plugins/apache-httpcomponents-client-4-api.jpi : 4.5.5-2.0
INSTALLED plugins/maven-plugin.jpi : 3.1.2
INSTALLED plugins/maven-dependency-update-trigger.jpi : 1.5
INSTALLED plugins/blueocean-i18n.jpi : 1.5.0
INSTALLED plugins/ace-editor.jpi : 1.1
INSTALLED plugins/blueocean-rest-impl.jpi : 1.5.0
INSTALLED plugins/credentials.jpi : 2.1.16
INSTALLED plugins/run-condition.jpi : 1.0
